<?xml version="1.0" encoding="UTF-8"?>
<testng-results ignored="0" total="1" passed="1" failed="0" skipped="0">
  <reporter-output>
  </reporter-output>
  <suite started-at="2022-02-11T22:40:10 IST" name="Default suite" finished-at="2022-02-11T22:40:13 IST" duration-ms="3405">
    <groups>
    </groups>
    <test started-at="2022-02-11T22:40:10 IST" name="Default test" finished-at="2022-02-11T22:40:13 IST" duration-ms="3405">
      <class name="Practicepgm.CreateAddMultipleProject">
        <test-method signature="createmultiple()[pri:0, instance:Practicepgm.CreateAddMultipleProject@120f102b]" started-at="2022-02-11T22:40:10 IST" name="createmultiple" finished-at="2022-02-11T22:40:13 IST" duration-ms="3360" status="PASS">
          <reporter-output>
          </reporter-output>
        </test-method> <!-- createmultiple -->
      </class> <!-- Practicepgm.CreateAddMultipleProject -->
    </test> <!-- Default test -->
  </suite> <!-- Default suite -->
</testng-results>
